<?xml version="1.0" encoding="UTF-8"?>
<testng-results skipped="0" failed="0" ignored="0" total="1" passed="1">
  <reporter-output>
  </reporter-output>
  <suite name="Default suite" duration-ms="65" started-at="2020-07-27T01:18:12 PDT" finished-at="2020-07-27T01:18:12 PDT">
    <groups>
    </groups>
    <test name="Default test" duration-ms="65" started-at="2020-07-27T01:18:12 PDT" finished-at="2020-07-27T01:18:12 PDT">
      <class name="CommandLine">
        <test-method status="PASS" signature="Test1()[pri:0, instance:CommandLine@5f9d02cb]" name="Test1" duration-ms="10" started-at="2020-07-27T01:18:12 PDT" finished-at="2020-07-27T01:18:12 PDT">
          <reporter-output>
          </reporter-output>
        </test-method> <!-- Test1 -->
      </class> <!-- CommandLine -->
    </test> <!-- Default test -->
  </suite> <!-- Default suite -->
</testng-results>
